<?xml version="1.0" encoding="UTF-8"?>
<testng-results skipped="0" failed="0" ignored="0" total="2" passed="2">
  <reporter-output>
  </reporter-output>
  <suite name="Suite" duration-ms="41470" started-at="2018-10-01T11:32:09Z" finished-at="2018-10-01T11:32:50Z">
    <groups>
    </groups>
    <test name="Default test" duration-ms="41470" started-at="2018-10-01T11:32:09Z" finished-at="2018-10-01T11:32:50Z">
      <class name="runClasses.LenderRatesTable">
        <test-method status="PASS" signature="beforeTest(java.lang.String)[pri:0, instance:runClasses.LenderRatesTable@73846619]" name="beforeTest" is-config="true" duration-ms="21617" started-at="2018-10-01T11:32:09Z" finished-at="2018-10-01T11:32:31Z">
          <params>
            <param index="0">
              <value>
                <![CDATA[Chrome]]>
              </value>
            </param>
          </params>
          <reporter-output>
          </reporter-output>
        </test-method> <!-- beforeTest -->
        <test-method status="PASS" signature="beforeMethod(java.lang.reflect.Method)[pri:0, instance:runClasses.LenderRatesTable@73846619]" name="beforeMethod" is-config="true" duration-ms="1379" started-at="2018-10-01T11:32:31Z" finished-at="2018-10-01T11:32:32Z">
          <params>
            <param index="0">
              <value>
                <![CDATA[public void runClasses.LenderRatesTable.dp_Login() throws java.lang.InterruptedException,java.io.IOException]]>
              </value>
            </param>
          </params>
          <reporter-output>
          </reporter-output>
        </test-method> <!-- beforeMethod -->
        <test-method status="PASS" signature="dp_Login()[pri:0, instance:runClasses.LenderRatesTable@73846619]" name="dp_Login" duration-ms="2109" started-at="2018-10-01T11:32:32Z" finished-at="2018-10-01T11:32:34Z">
          <reporter-output>
          </reporter-output>
        </test-method> <!-- dp_Login -->
        <test-method status="PASS" signature="beforeMethod(java.lang.reflect.Method)[pri:0, instance:runClasses.LenderRatesTable@73846619]" name="beforeMethod" is-config="true" duration-ms="106" started-at="2018-10-01T11:32:34Z" finished-at="2018-10-01T11:32:34Z">
          <params>
            <param index="0">
              <value>
                <![CDATA[public void runClasses.LenderRatesTable.dp_LenderRates() throws java.io.IOException]]>
              </value>
            </param>
          </params>
          <reporter-output>
          </reporter-output>
        </test-method> <!-- beforeMethod -->
        <test-method status="PASS" signature="dp_LenderRates()[pri:1, instance:runClasses.LenderRatesTable@73846619]" name="dp_LenderRates" duration-ms="16217" started-at="2018-10-01T11:32:34Z" finished-at="2018-10-01T11:32:50Z">
          <reporter-output>
          </reporter-output>
        </test-method> <!-- dp_LenderRates -->
      </class> <!-- runClasses.LenderRatesTable -->
    </test> <!-- Default test -->
  </suite> <!-- Suite -->
</testng-results>
