<?xml version="1.0" encoding="UTF-8"?>
<testng-results skipped="0" failed="0" ignored="0" total="1" passed="1">
  <reporter-output>
  </reporter-output>
  <suite name="Suite" duration-ms="16986" started-at="2018-09-10T13:41:54Z" finished-at="2018-09-10T13:42:11Z">
    <groups>
    </groups>
    <test name="Default test" duration-ms="16986" started-at="2018-09-10T13:41:54Z" finished-at="2018-09-10T13:42:11Z">
      <class name="runClasses.DealerPortal_Login">
        <test-method status="PASS" signature="beforeTest(java.lang.String, java.lang.String)[pri:0, instance:runClasses.DealerPortal_Login@5702b3b1]" name="beforeTest" is-config="true" duration-ms="13544" started-at="2018-09-10T13:41:54Z" finished-at="2018-09-10T13:42:07Z">
          <params>
            <param index="0">
              <value is-null="true"/>
            </param>
            <param index="1">
              <value is-null="true"/>
            </param>
          </params>
          <reporter-output>
          </reporter-output>
        </test-method> <!-- beforeTest -->
        <test-method status="PASS" signature="beforeMethod(java.lang.reflect.Method)[pri:0, instance:runClasses.DealerPortal_Login@5702b3b1]" name="beforeMethod" is-config="true" duration-ms="1095" started-at="2018-09-10T13:42:07Z" finished-at="2018-09-10T13:42:08Z">
          <params>
            <param index="0">
              <value>
                <![CDATA[public void runClasses.DealerPortal_Login.dp_Login() throws java.lang.InterruptedException]]>
              </value>
            </param>
          </params>
          <reporter-output>
          </reporter-output>
        </test-method> <!-- beforeMethod -->
        <test-method status="PASS" signature="dp_Login()[pri:0, instance:runClasses.DealerPortal_Login@5702b3b1]" name="dp_Login" duration-ms="2313" started-at="2018-09-10T13:42:08Z" finished-at="2018-09-10T13:42:11Z">
          <reporter-output>
          </reporter-output>
        </test-method> <!-- dp_Login -->
      </class> <!-- runClasses.DealerPortal_Login -->
    </test> <!-- Default test -->
  </suite> <!-- Suite -->
</testng-results>
